#
# A fatal error has been detected by the Java Runtime Environment:
#
#  SIGSEGV (0xb) at pc=0x01309cbc, pid=3665, tid=2024987504
#
# JRE version: 7.0-b147
# Java VM: Java HotSpot(TM) Server VM (21.0-b17 mixed mode linux-x86 )
# Problematic frame:
# V  [libjvm.so+0x4fccbc]  PhaseIdealLoop::build_loop_late_post(Node*)+0x15c
#
# Failed to write core dump. Core dumps have been disabled. To enable core dumping, try "ulimit -c unlimited" before starting Java again
#
# If you would like to submit a bug report, please visit:
#   http://bugreport.sun.com/bugreport/crash.jsp
#

---------------  T H R E A D  ---------------

Current thread (0x78c27000):  JavaThread "C2 CompilerThread1" daemon [_thread_in_native, id=3678, stack(0x78aad000,0x78b2e000)]

siginfo:si_signo=SIGSEGV: si_errno=0, si_code=1 (SEGV_MAPERR), si_addr=0x00000004

Registers:
EAX=0x78b2c358, EBX=0x015ac328, ECX=0x00000000, EDX=0x0aaea058
ESP=0x78b2baf0, EBP=0x78b2bb18, ESI=0x00000000, EDI=0x0aaea058
EIP=0x01309cbc, EFLAGS=0x00010202, CR2=0x00000004

Top of Stack: (sp=0x78b2baf0)
0x78b2baf0:   09feed30 0a4e2b2c 78b2c358 00f1971e
0x78b2bb00:   09f02470 78b2c368 09ef58d0 015ac328
0x78b2bb10:   000001a0 00000002 78b2bb58 0130a237
0x78b2bb20:   78b2c358 0a4e2b2c 0a235a40 0a235a40
0x78b2bb30:   0acc8088 00000000 0a4e2b2c 00000002
0x78b2bb40:   09ef9ca0 00000080 78b2c608 015ac328
0x78b2bb50:   00000001 78b2c358 78b2bcf8 01310d24
0x78b2bb60:   78b2c358 78b2bcdc 78b2bcbc 78b2bccc 

Instructions: (pc=0x01309cbc)
0x01309c9c:   0f 84 c2 00 00 00 8b 70 1c 89 45 f0 8b 45 e0 8d
0x01309cac:   3c b5 00 00 00 00 8b 90 d0 02 00 00 01 d7 8b 0f
0x01309cbc:   8b 41 04 8b 00 85 c0 75 29 8b 55 e0 8b 72 14 90
0x01309ccc:   8d 74 26 00 8b 51 1c 31 c9 39 f2 73 0c 8b 4d e0 

Register to memory mapping:

EAX=0x78b2c358 is pointing into the stack for thread: 0x78c27000
EBX=0x015ac328: <offset 0x79f328> in /usr/lib/jvm/java-7-sun/jre/lib/i386/server/libjvm.so at 0x00e0d000
ECX=0x00000000 is an unknown value
EDX=0x0aaea058 is an unknown value
ESP=0x78b2baf0 is pointing into the stack for thread: 0x78c27000
EBP=0x78b2bb18 is pointing into the stack for thread: 0x78c27000
ESI=0x00000000 is an unknown value
EDI=0x0aaea058 is an unknown value


Stack: [0x78aad000,0x78b2e000],  sp=0x78b2baf0,  free space=506k
Native frames: (J=compiled Java code, j=interpreted, Vv=VM code, C=native code)
V  [libjvm.so+0x4fccbc]  PhaseIdealLoop::build_loop_late_post(Node*)+0x15c
V  [libjvm.so+0x4fd237]  PhaseIdealLoop::build_loop_late(VectorSet&, Node_List&, Node_Stack&)+0x117
V  [libjvm.so+0x503d24]  PhaseIdealLoop::build_and_optimize(bool)+0x784
V  [libjvm.so+0x28d5d7]  Compile::Optimize()+0xae7
V  [libjvm.so+0x28e313]  Compile::Compile(ciEnv*, C2Compiler*, ciMethod*, int, bool, bool)+0xb83
V  [libjvm.so+0x20c026]  C2Compiler::compile_method(ciEnv*, ciMethod*, int)+0x176
V  [libjvm.so+0x293594]  CompileBroker::invoke_compiler_on_method(CompileTask*)+0x304
V  [libjvm.so+0x293eb7]  CompileBroker::compiler_thread_loop()+0x417
V  [libjvm.so+0x69af88]  compiler_thread_entry(JavaThread*, Thread*)+0x18
V  [libjvm.so+0x6a17c8]  JavaThread::run()+0x178
V  [libjvm.so+0x5a2f21]  java_start(Thread*)+0x111
C  [libpthread.so.0+0x5cc9]  start_thread+0xd9


Current CompileTask:
C2:1410054  798             jregex.Pretokenizer::next (1064 bytes)


---------------  P R O C E S S  ---------------

Java Threads: ( => current thread )
  0x09db8400 JavaThread "New I/O server worker #1-8" [_thread_in_native, id=4095, stack(0x77f0d000,0x77f5e000)]
  0x09e9cc00 JavaThread "com.mchange.v2.async.ThreadPoolAsynchronousRunner$PoolThread-#2" daemon [_thread_blocked, id=3688, stack(0x77f5e000,0x77faf000)]
  0x09ea2400 JavaThread "com.mchange.v2.async.ThreadPoolAsynchronousRunner$PoolThread-#1" daemon [_thread_blocked, id=3687, stack(0x77faf000,0x78000000)]
  0x09ea6000 JavaThread "com.mchange.v2.async.ThreadPoolAsynchronousRunner$PoolThread-#0" daemon [_thread_blocked, id=3686, stack(0x7810d000,0x7815e000)]
  0x0a7a3000 JavaThread "Timer-0" daemon [_thread_blocked, id=3685, stack(0x7815e000,0x781af000)]
  0x78467800 JavaThread "play-thread-1" [_thread_in_Java, id=3683, stack(0x78701000,0x78752000)]
  0x785f7800 JavaThread "DestroyJavaVM" [_thread_blocked, id=3666, stack(0xb781e000,0xb786f000)]
  0x785e1800 JavaThread "New I/O server boss #1 ([id: 0x012f8d57, /0:0:0:0:0:0:0:0:9000])" [_thread_in_native, id=3681, stack(0x78337000,0x78388000)]
  0x78c29000 JavaThread "Service Thread" daemon [_thread_blocked, id=3679, stack(0x78a5c000,0x78aad000)]
=>0x78c27000 JavaThread "C2 CompilerThread1" daemon [_thread_in_native, id=3678, stack(0x78aad000,0x78b2e000)]
  0x78c25400 JavaThread "C2 CompilerThread0" daemon [_thread_in_native, id=3677, stack(0x78b2e000,0x78baf000)]
  0x78c23800 JavaThread "JDWP Event Helper Thread" daemon [_thread_blocked, id=3676, stack(0x78baf000,0x78c00000)]
  0x78c21000 JavaThread "JDWP Transport Listener: dt_socket" daemon [_thread_in_native, id=3675, stack(0x78d31000,0x78d82000)]
  0x791fb800 JavaThread "Signal Dispatcher" daemon [_thread_blocked, id=3674, stack(0x78d82000,0x78dd3000)]
  0x791c3000 JavaThread "Finalizer" daemon [_thread_blocked, id=3673, stack(0x78dd3000,0x78e24000)]
  0x791c1400 JavaThread "Reference Handler" daemon [_thread_blocked, id=3672, stack(0x78e24000,0x78e75000)]

Other Threads:
  0x791bb800 VMThread [stack: 0x78e75000,0x78ef6000] [id=3671]
  0x78c33000 WatcherThread [stack: 0x789db000,0x78a5c000] [id=3680]

VM state:not at safepoint (normal execution)

VM Mutex/Monitor currently owned by a thread: None

Heap
 PSYoungGen      total 187264K, used 137877K [0xa20b0000, 0xae320000, 0xb4550000)
  eden space 176064K, 74% used [0xa20b0000,0xaa0ecbf8,0xacca0000)
  from space 11200K, 58% used [0xad830000,0xade98970,0xae320000)
  to   space 11520K, 0% used [0xacca0000,0xacca0000,0xad7e0000)
 PSOldGen        total 37504K, used 18136K [0x7d750000, 0x7fbf0000, 0xa20b0000)
  object space 37504K, 48% used [0x7d750000,0x7e9061b8,0x7fbf0000)
 PSPermGen       total 28160K, used 28146K [0x79750000, 0x7b2d0000, 0x7d750000)
  object space 28160K, 99% used [0x79750000,0x7b2cc8b0,0x7b2d0000)

Code Cache  [0xb4615000, 0xb49bd000, 0xb7615000)
 total_blobs=1149 nmethods=751 adapters=357 free_code_cache=45454Kb largest_free_block=46509120

Dynamic libraries:
00110000-00267000 r-xp 00000000 fc:01 7943       /lib/libc-2.12.1.so
00267000-00269000 r--p 00157000 fc:01 7943       /lib/libc-2.12.1.so
00269000-0026a000 rw-p 00159000 fc:01 7943       /lib/libc-2.12.1.so
0026a000-0026d000 rw-p 00000000 00:00 0 
0026d000-00291000 r-xp 00000000 fc:01 7950       /lib/libm-2.12.1.so
00291000-00292000 r--p 00023000 fc:01 7950       /lib/libm-2.12.1.so
00292000-00293000 rw-p 00024000 fc:01 7950       /lib/libm-2.12.1.so
00293000-002b6000 r-xp 00000000 fc:02 283602     /usr/lib/jvm/java-7-sun/jre/lib/i386/libjava.so
002b6000-002b7000 rw-p 00022000 fc:02 283602     /usr/lib/jvm/java-7-sun/jre/lib/i386/libjava.so
002b7000-002b9000 r-xp 00000000 fc:02 283626     /usr/lib/jvm/java-7-sun/jre/lib/i386/libnpt.so
002b9000-002ba000 rw-p 00002000 fc:02 283626     /usr/lib/jvm/java-7-sun/jre/lib/i386/libnpt.so
002ba000-002c0000 r-xp 00000000 fc:01 7953       /lib/libnss_compat-2.12.1.so
002c0000-002c1000 r--p 00006000 fc:01 7953       /lib/libnss_compat-2.12.1.so
002c1000-002c2000 rw-p 00007000 fc:01 7953       /lib/libnss_compat-2.12.1.so
002c2000-002d5000 r-xp 00000000 fc:01 7952       /lib/libnsl-2.12.1.so
002d5000-002d6000 r--p 00012000 fc:01 7952       /lib/libnsl-2.12.1.so
002d6000-002d7000 rw-p 00013000 fc:01 7952       /lib/libnsl-2.12.1.so
002d7000-002d9000 rw-p 00000000 00:00 0 
002d9000-002dc000 r-xp 00000000 fc:02 283617     /usr/lib/jvm/java-7-sun/jre/lib/i386/libdt_socket.so
002dc000-002dd000 rw-p 00002000 fc:02 283617     /usr/lib/jvm/java-7-sun/jre/lib/i386/libdt_socket.so
003f3000-0042a000 r-xp 00000000 fc:02 283612     /usr/lib/jvm/java-7-sun/jre/lib/i386/libjdwp.so
0042a000-0042b000 rw-p 00037000 fc:02 283612     /usr/lib/jvm/java-7-sun/jre/lib/i386/libjdwp.so
0045a000-00464000 r-xp 00000000 fc:01 7955       /lib/libnss_files-2.12.1.so
00464000-00465000 r--p 00009000 fc:01 7955       /lib/libnss_files-2.12.1.so
00465000-00466000 rw-p 0000a000 fc:01 7955       /lib/libnss_files-2.12.1.so
004c8000-004db000 r-xp 00000000 fc:02 283606     /usr/lib/jvm/java-7-sun/jre/lib/i386/jli/libjli.so
004db000-004dc000 rw-p 00012000 fc:02 283606     /usr/lib/jvm/java-7-sun/jre/lib/i386/jli/libjli.so
00527000-0053b000 r-xp 00000000 fc:02 283615     /usr/lib/jvm/java-7-sun/jre/lib/i386/libnet.so
0053b000-0053c000 rw-p 00014000 fc:02 283615     /usr/lib/jvm/java-7-sun/jre/lib/i386/libnet.so
00616000-00622000 r-xp 00000000 fc:02 282873     /usr/lib/jvm/java-7-sun/jre/lib/i386/libverify.so
00622000-00623000 rw-p 0000c000 fc:02 282873     /usr/lib/jvm/java-7-sun/jre/lib/i386/libverify.so
006c6000-006e2000 r-xp 00000000 fc:01 593        /lib/ld-2.12.1.so
006e2000-006e3000 r--p 0001b000 fc:01 593        /lib/ld-2.12.1.so
006e3000-006e4000 rw-p 0001c000 fc:01 593        /lib/ld-2.12.1.so
006e7000-00701000 r-xp 00000000 fc:01 179        /lib/libgcc_s.so.1
00701000-00702000 r--p 00019000 fc:01 179        /lib/libgcc_s.so.1
00702000-00703000 rw-p 0001a000 fc:01 179        /lib/libgcc_s.so.1
007bf000-007c6000 r-xp 00000000 fc:02 283610     /usr/lib/jvm/java-7-sun/jre/lib/i386/libmanagement.so
007c6000-007c7000 rw-p 00006000 fc:02 283610     /usr/lib/jvm/java-7-sun/jre/lib/i386/libmanagement.so
00931000-0093a000 r-xp 00000000 fc:02 283609     /usr/lib/jvm/java-7-sun/jre/lib/i386/libinstrument.so
0093a000-0093b000 rw-p 00008000 fc:02 283609     /usr/lib/jvm/java-7-sun/jre/lib/i386/libinstrument.so
00a31000-00a3f000 r-xp 00000000 fc:02 283620     /usr/lib/jvm/java-7-sun/jre/lib/i386/libnio.so
00a3f000-00a40000 rw-p 0000e000 fc:02 283620     /usr/lib/jvm/java-7-sun/jre/lib/i386/libnio.so
00ae7000-00afe000 r-xp 00000000 fc:02 283632     /usr/lib/jvm/java-7-sun/jre/lib/i386/libzip.so
00afe000-00aff000 rw-p 00017000 fc:02 283632     /usr/lib/jvm/java-7-sun/jre/lib/i386/libzip.so
00c1e000-00c25000 r-xp 00000000 fc:01 7962       /lib/librt-2.12.1.so
00c25000-00c26000 r--p 00006000 fc:01 7962       /lib/librt-2.12.1.so
00c26000-00c27000 rw-p 00007000 fc:01 7962       /lib/librt-2.12.1.so
00c45000-00c4e000 r-xp 00000000 fc:01 7957       /lib/libnss_nis-2.12.1.so
00c4e000-00c4f000 r--p 00008000 fc:01 7957       /lib/libnss_nis-2.12.1.so
00c4f000-00c50000 rw-p 00009000 fc:01 7957       /lib/libnss_nis-2.12.1.so
00cdb000-00d0e000 r-xp 00000000 fc:02 283622     /usr/lib/jvm/java-7-sun/jre/lib/i386/libsunec.so
00d0e000-00d12000 rw-p 00032000 fc:02 283622     /usr/lib/jvm/java-7-sun/jre/lib/i386/libsunec.so
00d12000-00d16000 rw-p 00000000 00:00 0 
00d37000-00d4c000 r-xp 00000000 fc:01 7960       /lib/libpthread-2.12.1.so
00d4c000-00d4d000 ---p 00015000 fc:01 7960       /lib/libpthread-2.12.1.so
00d4d000-00d4e000 r--p 00015000 fc:01 7960       /lib/libpthread-2.12.1.so
00d4e000-00d4f000 rw-p 00016000 fc:01 7960       /lib/libpthread-2.12.1.so
00d4f000-00d51000 rw-p 00000000 00:00 0 
00d69000-00d6a000 r-xp 00000000 00:00 0          [vdso]
00e09000-00e0b000 r-xp 00000000 fc:01 7949       /lib/libdl-2.12.1.so
00e0b000-00e0c000 r--p 00001000 fc:01 7949       /lib/libdl-2.12.1.so
00e0c000-00e0d000 rw-p 00002000 fc:01 7949       /lib/libdl-2.12.1.so
00e0d000-01571000 r-xp 00000000 fc:02 283631     /usr/lib/jvm/java-7-sun/jre/lib/i386/server/libjvm.so
01571000-015bc000 rw-p 00763000 fc:02 283631     /usr/lib/jvm/java-7-sun/jre/lib/i386/server/libjvm.so
015bc000-019db000 rw-p 00000000 00:00 0 
08048000-08049000 r-xp 00000000 fc:02 283866     /usr/lib/jvm/java-7-sun/jre/bin/java
08049000-0804a000 rw-p 00000000 fc:02 283866     /usr/lib/jvm/java-7-sun/jre/bin/java
09a3f000-0af21000 rw-p 00000000 00:00 0          [heap]
77000000-770ff000 rw-p 00000000 00:00 0 
770ff000-77100000 ---p 00000000 00:00 0 
77300000-773ff000 rw-p 00000000 00:00 0 
773ff000-77400000 ---p 00000000 00:00 0 
77500000-775e0000 rw-p 00000000 00:00 0 
775e0000-77600000 ---p 00000000 00:00 0 
77600000-776fc000 rw-p 00000000 00:00 0 
776fc000-77700000 ---p 00000000 00:00 0 
77700000-777f7000 rw-p 00000000 00:00 0 
777f7000-77800000 ---p 00000000 00:00 0 
77900000-779e4000 rw-p 00000000 00:00 0 
779e4000-77a00000 ---p 00000000 00:00 0 
77a00000-77ae1000 rw-p 00000000 00:00 0 
77ae1000-77b00000 ---p 00000000 00:00 0 
77b00000-77bfe000 rw-p 00000000 00:00 0 
77bfe000-77c00000 ---p 00000000 00:00 0 
77c5e000-77d00000 rw-p 00000000 00:00 0 
77d00000-77dfd000 rw-p 00000000 00:00 0 
77dfd000-77e00000 ---p 00000000 00:00 0 
77ebc000-77ebf000 ---p 00000000 00:00 0 
77ebf000-77f0d000 rw-p 00000000 00:00 0 
77f0d000-77f10000 ---p 00000000 00:00 0 
77f10000-77f5e000 rw-p 00000000 00:00 0 
77f5e000-77f61000 ---p 00000000 00:00 0 
77f61000-77faf000 rw-p 00000000 00:00 0 
77faf000-77fb2000 ---p 00000000 00:00 0 
77fb2000-78000000 rw-p 00000000 00:00 0 
78000000-780fa000 rw-p 00000000 00:00 0 
780fa000-78100000 ---p 00000000 00:00 0 
7810d000-78110000 ---p 00000000 00:00 0 
78110000-7815e000 rw-p 00000000 00:00 0 
7815e000-78161000 ---p 00000000 00:00 0 
78161000-781af000 rw-p 00000000 00:00 0 
781af000-781b2000 ---p 00000000 00:00 0 
781b2000-78200000 rw-p 00000000 00:00 0 
78200000-78300000 rw-p 00000000 00:00 0 
78337000-7833a000 ---p 00000000 00:00 0 
7833a000-78388000 rw-p 00000000 00:00 0 
783a0000-783a4000 r--s 0002d000 fc:02 282861     /usr/lib/jvm/java-7-sun/jre/lib/ext/sunjce_provider.jar
783a4000-783a8000 r--s 00037000 fc:02 282865     /usr/lib/jvm/java-7-sun/jre/lib/ext/sunpkcs11.jar
783a8000-783ab000 r--s 00018000 fc:02 283848     /usr/lib/jvm/java-7-sun/jre/lib/jce.jar
783ab000-783ae000 ---p 00000000 00:00 0 
783ae000-783fc000 rw-p 00000000 00:00 0 
783fc000-78400000 r--s 00088000 fc:02 283640     /usr/lib/jvm/java-7-sun/jre/lib/jsse.jar
78400000-784f9000 rw-p 00000000 00:00 0 
784f9000-78500000 ---p 00000000 00:00 0 
78500000-785f8000 rw-p 00000000 00:00 0 
785f8000-78600000 ---p 00000000 00:00 0 
78600000-786fb000 rw-p 00000000 00:00 0 
786fb000-78700000 ---p 00000000 00:00 0 
78701000-78704000 ---p 00000000 00:00 0 
78704000-78752000 rw-p 00000000 00:00 0 
78752000-7875b000 r--s 00254000 fc:02 282855     /usr/lib/jvm/java-7-sun/jre/lib/resources.jar
7875b000-78762000 r--s 0006a000 fc:03 787517     /opt/play-1.2.3/framework/lib/mail-1.4.3.jar
78762000-78767000 r--s 00048000 fc:03 787486     /opt/play-1.2.3/framework/lib/dom4j-1.6.1.jar
78767000-78768000 r--s 00000000 fc:03 787504     /opt/play-1.2.3/framework/lib/javax.inject-1.0.jar
78768000-78773000 r--s 0005a000 fc:03 787528     /opt/play-1.2.3/framework/lib/xstream-1.3.jar
78773000-78798000 r--s 00172000 fc:03 787474     /opt/play-1.2.3/framework/lib/bcprov-jdk15-1.45.jar
78798000-7879a000 r--s 0000c000 fc:03 787470     /opt/play-1.2.3/framework/lib/activation-1.1.1.jar
7879a000-787a0000 r--s 00049000 fc:03 787476     /opt/play-1.2.3/framework/lib/cglib-nodep-2.2.jar
787a0000-787ae000 r--s 0007f000 fc:03 787479     /opt/play-1.2.3/framework/lib/commons-collections-3.2.1.jar
787ae000-787b9000 r--s 0008b000 fc:03 787475     /opt/play-1.2.3/framework/lib/c3p0-0.9.1.2.jar
787b9000-787bf000 r--s 00049000 fc:03 787473     /opt/play-1.2.3/framework/lib/async-http-client-1.6.3.jar
787bf000-787c2000 r--s 00024000 fc:03 787482     /opt/play-1.2.3/framework/lib/commons-io-2.0.1.jar
787c2000-787c4000 r--s 00015000 fc:03 787511     /opt/play-1.2.3/framework/lib/jregex-1.2_01.jar
787c4000-787c6000 r--s 00005000 fc:03 787525     /opt/play-1.2.3/framework/lib/slf4j-api-1.6.1.jar
787c6000-787c8000 r--s 0000d000 fc:03 787478     /opt/play-1.2.3/framework/lib/commons-codec-1.4.jar
787c8000-787cc000 r--s 00027000 fc:03 787491     /opt/play-1.2.3/framework/lib/gson-1.7.1.jar
787cc000-787db000 r--s 00074000 fc:03 787510     /opt/play-1.2.3/framework/lib/joda-time-1.6.jar
787db000-787dc000 r--s 00007000 fc:03 787480     /opt/play-1.2.3/framework/lib/commons-email-1.2.jar
787dc000-787e3000 r--s 00049000 fc:03 787522     /opt/play-1.2.3/framework/lib/oval-1.50.jar
787e3000-787e4000 r--s 00002000 fc:03 787526     /opt/play-1.2.3/framework/lib/slf4j-log4j12-1.6.1.jar
787e4000-787e7000 r--s 0000f000 fc:03 787494     /opt/play-1.2.3/framework/lib/hibernate-commons-annotations-3.2.0.Final.jar
787e7000-787ec000 r--s 00020000 fc:03 787506     /opt/play-1.2.3/framework/lib/jj-imaging.jar
787ec000-787fb000 r--s 000b2000 fc:03 787520     /opt/play-1.2.3/framework/lib/netty-3.2.4.Final.jar
787fb000-78800000 r--s 00014000 fc:03 787500     /opt/play-1.2.3/framework/lib/hibernate-jpa-2.0-api-1.0.0.Final.jar
78800000-788fb000 rw-p 00000000 00:00 0 
788fb000-78900000 ---p 00000000 00:00 0 
78902000-78904000 r--s 0000b000 fc:03 787508     /opt/play-1.2.3/framework/lib/jj-textile.jar
78904000-78907000 r--s 00011000 fc:03 787488     /opt/play-1.2.3/framework/lib/ezmorph-1.0.3.jar
78907000-7890e000 r--s 00038000 fc:03 787509     /opt/play-1.2.3/framework/lib/jj-wikitext.jar
7890e000-78913000 r--s 00041000 fc:03 787484     /opt/play-1.2.3/framework/lib/commons-lang-2.6.jar
78913000-78967000 r--s 00516000 fc:03 787490     /opt/play-1.2.3/framework/lib/groovy-all-1.7.7.jar
78967000-7896d000 r--s 00038000 fc:03 787527     /opt/play-1.2.3/framework/lib/snakeyaml-1.7.jar
7896d000-78973000 r--s 00032000 fc:03 787505     /opt/play-1.2.3/framework/lib/jaxen-1.1.jar
78973000-7897a000 r--s 00059000 fc:03 787516     /opt/play-1.2.3/framework/lib/log4j-1.2.15.jar
7897a000-78980000 r--s 00034000 fc:03 787514     /opt/play-1.2.3/framework/lib/junit-4.8.1.jar
78980000-789a9000 r--s 00403000 fc:03 787521     /opt/play-1.2.3/framework/lib/org.eclipse.jdt.core-3.6.0.jar
789a9000-789db000 r--s 002c7000 fc:03 787496     /opt/play-1.2.3/framework/lib/hibernate-core-3.6.1.Final.jar
789db000-789dc000 ---p 00000000 00:00 0 
789dc000-78a5c000 rw-p 00000000 00:00 0 
78a5c000-78a5f000 ---p 00000000 00:00 0 
78a5f000-78aad000 rw-p 00000000 00:00 0 
78aad000-78ab0000 ---p 00000000 00:00 0 
78ab0000-78b2e000 rw-p 00000000 00:00 0 
78b2e000-78b31000 ---p 00000000 00:00 0 
78b31000-78baf000 rw-p 00000000 00:00 0 
78baf000-78bb2000 ---p 00000000 00:00 0 
78bb2000-78c00000 rw-p 00000000 00:00 0 
78c00000-78cfd000 rw-p 00000000 00:00 0 
78cfd000-78d00000 ---p 00000000 00:00 0 
78d00000-78d08000 r--s 0008a000 fc:03 787503     /opt/play-1.2.3/framework/lib/javassist-3.9.0.GA.jar
78d08000-78d0a000 r--s 00001000 fc:03 787512     /opt/play-1.2.3/framework/lib/jsr107cache-1.0.jar
78d0a000-78d0c000 r--s 00015000 fc:03 787507     /opt/play-1.2.3/framework/lib/jj-simplecaptcha.jar
78d0c000-78d11000 r--s 0002e000 fc:03 787472     /opt/play-1.2.3/framework/lib/asm-all-3.3.1.jar
78d11000-78d20000 r--s 000d9000 fc:03 787501     /opt/play-1.2.3/framework/lib/ivy-2.2.0.jar
78d20000-78d29000 r--s 0005d000 fc:03 787498     /opt/play-1.2.3/framework/lib/hibernate-entitymanager-3.6.0.Final.jar
78d29000-78d2b000 r--s 0000d000 fc:03 787485     /opt/play-1.2.3/framework/lib/commons-logging-1.1.1.jar
78d2b000-78d31000 r--s 00040000 fc:03 787518     /opt/play-1.2.3/framework/lib/memcached-2.6.jar
78d31000-78d34000 ---p 00000000 00:00 0 
78d34000-78d82000 rw-p 00000000 00:00 0 
78d82000-78d85000 ---p 00000000 00:00 0 
78d85000-78dd3000 rw-p 00000000 00:00 0 
78dd3000-78dd6000 ---p 00000000 00:00 0 
78dd6000-78e24000 rw-p 00000000 00:00 0 
78e24000-78e27000 ---p 00000000 00:00 0 
78e27000-78e75000 rw-p 00000000 00:00 0 
78e75000-78e76000 ---p 00000000 00:00 0 
78e76000-78f41000 rw-p 00000000 00:00 0 
78f41000-79100000 r--s 039fa000 fc:02 280481     /usr/lib/jvm/java-7-sun/jre/lib/rt.jar
79100000-79200000 rw-p 00000000 00:00 0 
79200000-79202000 r--s 00002000 fc:03 787513     /opt/play-1.2.3/framework/lib/jta-1.1.jar
79202000-79208000 r--s 00067000 fc:03 787471     /opt/play-1.2.3/framework/lib/antlr-2.7.6.jar
79208000-7920d000 r--s 00034000 fc:03 787477     /opt/play-1.2.3/framework/lib/commons-beanutils-1.8.3.jar
7920d000-79214000 r--s 000b7000 fc:03 787519     /opt/play-1.2.3/framework/lib/mysql-connector-java-5.1.13.jar
79214000-7921a000 r--s 0007e000 fc:03 787523     /opt/play-1.2.3/framework/lib/postgresql-9.0.jar
7921a000-79225000 r--s 00124000 fc:03 787492     /opt/play-1.2.3/framework/lib/h2-1.3.149.jar
79225000-7922f000 r--s 0006f000 fc:03 787487     /opt/play-1.2.3/framework/lib/ehcache-core-2.0.0.jar
7922f000-79230000 ---p 00000000 00:00 0 
79230000-792b0000 rw-p 00000000 00:00 0 
792b0000-792b1000 ---p 00000000 00:00 0 
792b1000-79331000 rw-p 00000000 00:00 0 
79331000-79332000 ---p 00000000 00:00 0 
79332000-793b2000 rw-p 00000000 00:00 0 
793b2000-793b3000 ---p 00000000 00:00 0 
793b3000-79441000 rw-p 00000000 00:00 0 
79441000-79453000 rw-p 00000000 00:00 0 
79453000-79466000 rw-p 00000000 00:00 0 
79466000-79578000 rw-p 00000000 00:00 0 
79578000-79586000 rw-p 00000000 00:00 0 
79586000-79598000 rw-p 00000000 00:00 0 
79598000-795ab000 rw-p 00000000 00:00 0 
795ab000-796bc000 rw-p 00000000 00:00 0 
796bc000-7971e000 rw-p 00000000 00:00 0 
7971e000-7971f000 ---p 00000000 00:00 0 
7971f000-7974f000 rw-p 00000000 00:00 0 
7974f000-7b2d0000 rw-p 00000000 00:00 0 
7b2d0000-7d750000 rw-p 00000000 00:00 0 
7d750000-7fbf0000 rw-p 00000000 00:00 0 
7fbf0000-a20b0000 rw-p 00000000 00:00 0 
a20b0000-ae320000 rw-p 00000000 00:00 0 
ae320000-ae3c0000 ---p 00000000 00:00 0 
ae3c0000-b4550000 rw-p 00000000 00:00 0 
b4550000-b4552000 r--s 00008000 fc:03 787524     /opt/play-1.2.3/framework/lib/signpost-core-1.2.jar
b4552000-b4555000 r--s 00022000 fc:03 787502     /opt/play-1.2.3/framework/lib/jamon-2.7.jar
b4555000-b4564000 rw-p 00000000 00:00 0 
b4564000-b4615000 rw-p 00000000 00:00 0 
b4615000-b49bd000 rwxp 00000000 00:00 0 
b49bd000-b7615000 rw-p 00000000 00:00 0 
b7615000-b761d000 rw-s 00000000 fc:05 1443       /tmp/hsperfdata_stephane/3665
b761d000-b761e000 r--p 002a7000 fc:02 261665     /usr/lib/locale/locale-archive
b761e000-b781e000 r--p 00000000 fc:02 261665     /usr/lib/locale/locale-archive
b781e000-b7821000 ---p 00000000 00:00 0 
b7821000-b7871000 rw-p 00000000 00:00 0 
b7871000-b7872000 r--s 00003000 fc:02 282863     /usr/lib/jvm/java-7-sun/jre/lib/ext/sunec.jar
b7872000-b7874000 r--s 0000e000 fc:03 787483     /opt/play-1.2.3/framework/lib/commons-javaflow-1066591.jar
b7874000-b7876000 r--s 0000d000 fc:03 787481     /opt/play-1.2.3/framework/lib/commons-fileupload-1.2.2.jar
b7876000-b7879000 r--s 0000f000 fc:03 787489     /opt/play-1.2.3/framework/lib/geronimo-servlet_2.5_spec-1.2.jar
b7879000-b787a000 rw-p 00000000 00:00 0 
b787a000-b7885000 r--s 000b8000 fc:03 787532     /opt/play-1.2.3/framework/play-1.2.3.jar
b7885000-b7886000 rw-p 00000000 00:00 0 
b7886000-b7887000 r--p 00000000 00:00 0 
b7887000-b7889000 rw-p 00000000 00:00 0 
bfe56000-bfe78000 rw-p 00000000 00:00 0          [stack]

VM Arguments:
jvm_args: -javaagent:/opt/play-1.2.3/framework/play-1.2.3.jar -Dfile.encoding=utf-8 -Xdebug -Xrunjdwp:transport=dt_socket,address=8000,server=y,suspend=n -Dplay.debug=yes -Dapplication.path=/media/donnees/Workspace/EclipseWorkspace/Runaway -Dplay.id= 
java_command: play.server.Server 
Launcher Type: SUN_STANDARD

Environment Variables:
PATH=/usr/local/sbin:/usr/local/bin:/usr/sbin:/usr/bin:/sbin:/bin:/usr/games
USERNAME=stephane
SHELL=/bin/bash
DISPLAY=:0.0

Signal Handlers:
SIGSEGV: [libjvm.so+0x6ddc10], sa_mask[0]=0x7ffbfeff, sa_flags=0x10000004
SIGBUS: [libjvm.so+0x6ddc10], sa_mask[0]=0x7ffbfeff, sa_flags=0x10000004
SIGFPE: [libjvm.so+0x59e1e0], sa_mask[0]=0x7ffbfeff, sa_flags=0x10000004
SIGPIPE: [libjvm.so+0x59e1e0], sa_mask[0]=0x7ffbfeff, sa_flags=0x10000004
SIGXFSZ: [libjvm.so+0x59e1e0], sa_mask[0]=0x7ffbfeff, sa_flags=0x10000004
SIGILL: [libjvm.so+0x59e1e0], sa_mask[0]=0x7ffbfeff, sa_flags=0x10000004
SIGUSR1: SIG_DFL, sa_mask[0]=0x00000000, sa_flags=0x00000000
SIGUSR2: [libjvm.so+0x59dae0], sa_mask[0]=0x00000000, sa_flags=0x10000004
SIGHUP: [libjvm.so+0x5a01f0], sa_mask[0]=0x7ffbfeff, sa_flags=0x10000004
SIGINT: [libjvm.so+0x5a01f0], sa_mask[0]=0x7ffbfeff, sa_flags=0x10000004
SIGTERM: [libjvm.so+0x5a01f0], sa_mask[0]=0x7ffbfeff, sa_flags=0x10000004
SIGQUIT: [libjvm.so+0x5a01f0], sa_mask[0]=0x7ffbfeff, sa_flags=0x10000004


---------------  S Y S T E M  ---------------

OS:squeeze/sid

uname:Linux 2.6.35-30-generic #59-Ubuntu SMP Tue Aug 30 15:58:00 UTC 2011 i686
libc:glibc 2.12.1 NPTL 2.12.1 
rlimit: STACK 8192k, CORE 0k, NPROC infinity, NOFILE 1024, AS infinity
load average:0,00 0,01 0,05

/proc/meminfo:
MemTotal:        3595732 kB
MemFree:         1579352 kB
Buffers:           64100 kB
Cached:           774440 kB
SwapCached:            0 kB
Active:          1129428 kB
Inactive:         687484 kB
Active(anon):     981000 kB
Inactive(anon):     5596 kB
Active(file):     148428 kB
Inactive(file):   681888 kB
Unevictable:        1500 kB
Mlocked:              16 kB
HighTotal:       2742776 kB
HighFree:         863556 kB
LowTotal:         852956 kB
LowFree:          715796 kB
SwapTotal:       5857276 kB
SwapFree:        5857276 kB
Dirty:               872 kB
Writeback:             0 kB
AnonPages:        980112 kB
Mapped:           218100 kB
Shmem:              6544 kB
Slab:              42556 kB
SReclaimable:      22512 kB
SUnreclaim:        20044 kB
KernelStack:        3792 kB
PageTables:         7752 kB
NFS_Unstable:          0 kB
Bounce:                0 kB
WritebackTmp:          0 kB
CommitLimit:     7655140 kB
Committed_AS:    2350040 kB
VmallocTotal:     122880 kB
VmallocUsed:       48004 kB
VmallocChunk:      67624 kB
HardwareCorrupted:     0 kB
HugePages_Total:       0
HugePages_Free:        0
HugePages_Rsvd:        0
HugePages_Surp:        0
Hugepagesize:       4096 kB
DirectMap4k:       12280 kB
DirectMap4M:      897024 kB


CPU:total 4 (2 cores per cpu, 2 threads per core) family 6 model 37 stepping 5, cmov, cx8, fxsr, mmx, sse, sse2, sse3, ssse3, sse4.1, sse4.2, popcnt, ht

/proc/cpuinfo:
processor	: 0
vendor_id	: GenuineIntel
cpu family	: 6
model		: 37
model name	: Intel(R) Core(TM) i3 CPU       M 380  @ 2.53GHz
stepping	: 5
cpu MHz		: 2533.000
cache size	: 3072 KB
physical id	: 0
siblings	: 4
core id		: 0
cpu cores	: 2
apicid		: 0
initial apicid	: 0
fdiv_bug	: no
hlt_bug		: no
f00f_bug	: no
coma_bug	: no
fpu		: yes
fpu_exception	: yes
cpuid level	: 11
wp		: yes
flags		: fpu vme de pse tsc msr pae mce cx8 apic mtrr pge mca cmov pat pse36 clflush dts acpi mmx fxsr sse sse2 ss ht tm pbe nx rdtscp lm constant_tsc arch_perfmon pebs bts xtopology nonstop_tsc aperfmperf pni dtes64 monitor ds_cpl vmx est tm2 ssse3 cx16 xtpr pdcm sse4_1 sse4_2 popcnt lahf_lm arat dts tpr_shadow vnmi flexpriority ept vpid
bogomips	: 5053.06
clflush size	: 64
cache_alignment	: 64
address sizes	: 36 bits physical, 48 bits virtual
power management:

processor	: 1
vendor_id	: GenuineIntel
cpu family	: 6
model		: 37
model name	: Intel(R) Core(TM) i3 CPU       M 380  @ 2.53GHz
stepping	: 5
cpu MHz		: 933.000
cache size	: 3072 KB
physical id	: 0
siblings	: 4
core id		: 2
cpu cores	: 2
apicid		: 4
initial apicid	: 4
fdiv_bug	: no
hlt_bug		: no
f00f_bug	: no
coma_bug	: no
fpu		: yes
fpu_exception	: yes
cpuid level	: 11
wp		: yes
flags		: fpu vme de pse tsc msr pae mce cx8 apic mtrr pge mca cmov pat pse36 clflush dts acpi mmx fxsr sse sse2 ss ht tm pbe nx rdtscp lm constant_tsc arch_perfmon pebs bts xtopology nonstop_tsc aperfmperf pni dtes64 monitor ds_cpl vmx est tm2 ssse3 cx16 xtpr pdcm sse4_1 sse4_2 popcnt lahf_lm arat dts tpr_shadow vnmi flexpriority ept vpid
bogomips	: 5053.89
clflush size	: 64
cache_alignment	: 64
address sizes	: 36 bits physical, 48 bits virtual
power management:

processor	: 2
vendor_id	: GenuineIntel
cpu family	: 6
model		: 37
model name	: Intel(R) Core(TM) i3 CPU       M 380  @ 2.53GHz
stepping	: 5
cpu MHz		: 1599.000
cache size	: 3072 KB
physical id	: 0
siblings	: 4
core id		: 0
cpu cores	: 2
apicid		: 1
initial apicid	: 1
fdiv_bug	: no
hlt_bug		: no
f00f_bug	: no
coma_bug	: no
fpu		: yes
fpu_exception	: yes
cpuid level	: 11
wp		: yes
flags		: fpu vme de pse tsc msr pae mce cx8 apic mtrr pge mca cmov pat pse36 clflush dts acpi mmx fxsr sse sse2 ss ht tm pbe nx rdtscp lm constant_tsc arch_perfmon pebs bts xtopology nonstop_tsc aperfmperf pni dtes64 monitor ds_cpl vmx est tm2 ssse3 cx16 xtpr pdcm sse4_1 sse4_2 popcnt lahf_lm arat dts tpr_shadow vnmi flexpriority ept vpid
bogomips	: 5053.89
clflush size	: 64
cache_alignment	: 64
address sizes	: 36 bits physical, 48 bits virtual
power management:

processor	: 3
vendor_id	: GenuineIntel
cpu family	: 6
model		: 37
model name	: Intel(R) Core(TM) i3 CPU       M 380  @ 2.53GHz
stepping	: 5
cpu MHz		: 2533.000
cache size	: 3072 KB
physical id	: 0
siblings	: 4
core id		: 2
cpu cores	: 2
apicid		: 5
initial apicid	: 5
fdiv_bug	: no
hlt_bug		: no
f00f_bug	: no
coma_bug	: no
fpu		: yes
fpu_exception	: yes
cpuid level	: 11
wp		: yes
flags		: fpu vme de pse tsc msr pae mce cx8 apic mtrr pge mca cmov pat pse36 clflush dts acpi mmx fxsr sse sse2 ss ht tm pbe nx rdtscp lm constant_tsc arch_perfmon pebs bts xtopology nonstop_tsc aperfmperf pni dtes64 monitor ds_cpl vmx est tm2 ssse3 cx16 xtpr pdcm sse4_1 sse4_2 popcnt lahf_lm arat dts tpr_shadow vnmi flexpriority ept vpid
bogomips	: 5053.89
clflush size	: 64
cache_alignment	: 64
address sizes	: 36 bits physical, 48 bits virtual
power management:



Memory: 4k page, physical 3595732k(1579104k free), swap 5857276k(5857276k free)

vm_info: Java HotSpot(TM) Server VM (21.0-b17) for linux-x86 JRE (1.7.0-b147), built on Jun 27 2011 01:49:33 by "java_re" with gcc 4.3.0 20080428 (Red Hat 4.3.0-8)

time: Sun Oct  2 22:13:21 2011
elapsed time: 1410 seconds

